<?xml version="1.0" encoding="UTF-8"?>
<!-- Generated by org.testng.reporters.JUnitReportReporter -->
<testsuite skipped="0" hostname="wpu5cg0283fmnl" name="com.OrangeHRM.OrangeHRM_Login_Xpath_Headless_browser" tests="2" failures="0" timestamp="2021-02-23T23:27:13 IST" time="7.334" errors="0">
  <testcase name="Login" time="5.853" classname="com.OrangeHRM.OrangeHRM_Login_Xpath_Headless_browser"/>
  <system-out/>
  <testcase name="Logout" time="1.481" classname="com.OrangeHRM.OrangeHRM_Login_Xpath_Headless_browser"/>
  <system-out/>
</testsuite> <!-- com.OrangeHRM.OrangeHRM_Login_Xpath_Headless_browser -->
