<?xml version="1.0" encoding="UTF-8"?>
<!-- Generated by org.testng.reporters.JUnitReportReporter -->
<testsuite skipped="0" hostname="wpu5cg0283fmnl" name="com.OrangeHRM.NavigateAllLinks" tests="1" failures="0" timestamp="2021-02-25T10:22:24 IST" time="91.317" errors="0">
  <testcase name="navigateToAllLinks" time="91.317" classname="com.OrangeHRM.NavigateAllLinks"/>
  <system-out/>
</testsuite> <!-- com.OrangeHRM.NavigateAllLinks -->
