<?xml version="1.0" encoding="UTF-8"?>
<!-- Generated by org.testng.reporters.JUnitReportReporter -->
<testsuite skipped="0" hostname="wpu5cg0283fmnl" name="com.OrangeHRM.CrossBrowser_Testing" tests="6" failures="0" timestamp="2021-02-24T12:23:29 IST" time="175.438" errors="0">
  <testcase name="OrangeHRM_Login" time="24.252" classname="com.OrangeHRM.CrossBrowser_Testing"/>
  <system-out/>
  <testcase name="OrangeHRM_Login" time="35.932" classname="com.OrangeHRM.CrossBrowser_Testing"/>
  <system-out/>
  <testcase name="OrangeHRM_Login" time="25.038" classname="com.OrangeHRM.CrossBrowser_Testing"/>
  <system-out/>
  <testcase name="OrangeHRM_Login" time="23.757" classname="com.OrangeHRM.CrossBrowser_Testing"/>
  <system-out/>
  <testcase name="OrangeHRM_Login" time="23.528" classname="com.OrangeHRM.CrossBrowser_Testing"/>
  <system-out/>
  <testcase name="OrangeHRM_Login" time="42.931" classname="com.OrangeHRM.CrossBrowser_Testing"/>
  <system-out/>
</testsuite> <!-- com.OrangeHRM.CrossBrowser_Testing -->
