<?xml version="1.0" encoding="UTF-8"?>
<!-- Generated by org.testng.reporters.JUnitReportReporter -->
<testsuite skipped="0" hostname="wpu5cg0283fmnl" name="com.OrangeHRM.OrangeHRM_Login_Xpath_CSS_Example" tests="2" failures="0" timestamp="2021-02-23T22:00:29 IST" time="7.012" errors="0">
  <testcase name="Login" time="5.143" classname="com.OrangeHRM.OrangeHRM_Login_Xpath_CSS_Example"/>
  <system-out/>
  <testcase name="Logout" time="1.869" classname="com.OrangeHRM.OrangeHRM_Login_Xpath_CSS_Example"/>
  <system-out/>
</testsuite> <!-- com.OrangeHRM.OrangeHRM_Login_Xpath_CSS_Example -->
